2020-12-30 19:47:57.888  INFO 10700 --- [restartedMain] c.b.b.BookStoreBackendApplication        : Starting BookStoreBackendApplication using Java 15.0.1 on MSI with PID 10700 (C:\Users\bacha\Documents\workspace-spring-tool-suite-4-4.9.0.RELEASE\BookStore_Backend\target\classes started by vebs in C:\Users\bacha\Documents\workspace-spring-tool-suite-4-4.9.0.RELEASE\BookStore_Backend)
2020-12-30 19:47:57.888  INFO 10700 --- [restartedMain] c.b.b.BookStoreBackendApplication        : No active profile set, falling back to default profiles: default
2020-12-30 19:47:58.008  INFO 10700 --- [restartedMain] .s.d.r.c.RepositoryConfigurationDelegate : Bootstrapping Spring Data JPA repositories in DEFAULT mode.
2020-12-30 19:47:58.015  INFO 10700 --- [restartedMain] .s.d.r.c.RepositoryConfigurationDelegate : Finished Spring Data repository scanning in 6 ms. Found 1 JPA repository interfaces.
2020-12-30 19:47:58.064  INFO 10700 --- [restartedMain] o.s.b.w.embedded.tomcat.TomcatWebServer  : Tomcat initialized with port(s): 8090 (http)
2020-12-30 19:47:58.065  INFO 10700 --- [restartedMain] o.apache.catalina.core.StandardService   : Starting service [Tomcat]
2020-12-30 19:47:58.065  INFO 10700 --- [restartedMain] org.apache.catalina.core.StandardEngine  : Starting Servlet engine: [Apache Tomcat/9.0.41]
2020-12-30 19:47:58.082  INFO 10700 --- [restartedMain] o.a.c.c.C.[Tomcat-46].[localhost].[/]    : Initializing Spring embedded WebApplicationContext
2020-12-30 19:47:58.082  INFO 10700 --- [restartedMain] w.s.c.ServletWebServerApplicationContext : Root WebApplicationContext: initialization completed in 193 ms
2020-12-30 19:47:58.095  INFO 10700 --- [restartedMain] com.zaxxer.hikari.HikariDataSource       : HikariPool-71 - Starting...
2020-12-30 19:48:00.387  INFO 10700 --- [restartedMain] com.zaxxer.hikari.HikariDataSource       : HikariPool-71 - Start completed.
2020-12-30 19:48:00.388  INFO 10700 --- [restartedMain] o.s.b.a.h2.H2ConsoleAutoConfiguration    : H2 console available at '/h2-console'. Database available at 'jdbc:mysql://localhost:3306/addressBook'
2020-12-30 19:48:04.161  INFO 10700 --- [restartedMain] j.LocalContainerEntityManagerFactoryBean : Initialized JPA EntityManagerFactory for persistence unit 'default'
2020-12-30 19:48:04.168  INFO 10700 --- [restartedMain] o.s.b.d.a.OptionalLiveReloadServer       : LiveReload server is running on port 35729
2020-12-30 19:48:04.201  WARN 10700 --- [restartedMain] JpaBaseConfiguration$JpaWebConfiguration : spring.jpa.open-in-view is enabled by default. Therefore, database queries may be performed during view rendering. Explicitly configure spring.jpa.open-in-view to disable this warning
2020-12-30 19:48:04.216  INFO 10700 --- [restartedMain] o.s.s.concurrent.ThreadPoolTaskExecutor  : Initializing ExecutorService 'applicationTaskExecutor'
2020-12-30 19:48:04.233  WARN 10700 --- [restartedMain] ion$DefaultTemplateResolverConfiguration : Cannot find template location: classpath:/templates/ (please add some templates or check your Thymeleaf configuration)
2020-12-30 19:48:04.254  INFO 10700 --- [restartedMain] o.s.b.w.embedded.tomcat.TomcatWebServer  : Tomcat started on port(s): 8090 (http) with context path ''
2020-12-30 19:48:04.257  INFO 10700 --- [restartedMain] c.b.b.BookStoreBackendApplication        : Started BookStoreBackendApplication in 6.447 seconds (JVM running for 10184.851)
2020-12-30 19:48:04.257  INFO 10700 --- [restartedMain] .ConditionEvaluationDeltaLoggingListener : Condition evaluation unchanged
2020-12-30 19:48:27.096  INFO 10700 --- [Thread-293] o.s.s.concurrent.ThreadPoolTaskExecutor  : Shutting down ExecutorService 'applicationTaskExecutor'
2020-12-30 19:48:27.097  INFO 10700 --- [Thread-293] j.LocalContainerEntityManagerFactoryBean : Closing JPA EntityManagerFactory for persistence unit 'default'
2020-12-30 19:48:27.097  INFO 10700 --- [Thread-293] com.zaxxer.hikari.HikariDataSource       : HikariPool-71 - Shutdown initiated...
2020-12-30 19:48:27.102  INFO 10700 --- [Thread-293] com.zaxxer.hikari.HikariDataSource       : HikariPool-71 - Shutdown completed.
